Unable to capture context for thread 8008 in process 2468, can not generate back trace
Exception at PC 0x00007FFAE24BBB93
Printing stacktrace...

Unable to capture context for thread 8008 in process 2468, can not generate back trace
Exception at PC 0x00007FFB425A7788
Exception at PC 0x00007FFB425A7788
Exception at PC 0x00007FFB425A7788
Exception at PC 0x00007FFB425A7788
Exception at PC 0x00007FFB425A7788
Exception at PC 0x00007FFB425A7788
Exception at PC 0x00007FFB425A7788
Exception at PC 0x00007FFB425A7788
Exception at PC 0x00007FFB425A7788
Exception at PC 0x00007FFB425A7788
Exception at PC 0x00007FFB425A7788
Exception at PC 0x00007FFB425A7788
Exception at PC 0x00007FFB425A7788
Exception at PC 0x00007FFB425A7788
Exception at PC 0x00007FFB425A7788
Exception at PC 0x00007FFB425A7788
Exception at PC 0x00007FFB425A7788
[0]  [0x00007FFAE24BBB93]
[1]  [0x00007FFAE24BBB93]
[2]  [0x00007FFAE24BB4A1]
[3]  [0x00007FFAE24BB3EF]
[4]  [0x00007FFAE24A19FE]
[5]  [0x00007FFAE24A0ED1]
[6]  [0x00007FFAE24A0D76]
[7]  [0x00007FFAE24479F6]
[8]  [0x00007FFAE2437AFB]
[9]  [0x00007FFAE255E90A]
[10]  [0x00007FFAE2579F87]
[11]  [0x00007FFAE257A05F]
[12] (BaseThreadInitThunk+0x14) [0x00007FFB44678364]
[13] (RtlUserThreadStart+0x21) [0x00007FFB45355E91]
Done
